<?xml version="1.0" encoding="UTF-8"?>
<testsuite name="SimpleTest" tests="1" skipped="0" failures="0" errors="0" timestamp="2018-05-06T20:13:12" hostname="Mick-2.local" time="0.008">
  <properties/>
  <testcase name="test1" classname="SimpleTest" time="0.008"/>
  <system-out><![CDATA[Test 1 works
]]></system-out>
  <system-err><![CDATA[]]></system-err>
</testsuite>
